[0m[[0m[0mdebug[0m] [0m[0m> Exec(run, Some(081ce449-7863-4b1f-b748-365c4bff432e), Some(CommandSource(console0)))[0m
[0m[[0m[0mdebug[0m] [0m[0mEvaluating tasks: Compile / run[0m
[0m[[0m[0mdebug[0m] [0m[0mRunning task... Cancel: Signal, check cycles: false, forcegc: true[0m
[0m[[0m[0minfo[0m] [0m[0mcompiling 1 Scala source to C:\Users\Khoa\Desktop\TEAM1\target\scala-2.11\classes ...[0m
[0m[[0m[31merror[0m] [0m[0morg.apache.spark.sql.AnalysisException: cannot resolve '`product_cat`' given input columns: [__auto_generated_subquery_name.country, __auto_generated_subquery_name.qty3]; line 1 pos 7;[0m
[0m[[0m[31merror[0m] [0m[0m'Project ['product_cat][0m
[0m[[0m[31merror[0m] [0m[0m+- SubqueryAlias __auto_generated_subquery_name[0m
[0m[[0m[31merror[0m] [0m[0m   +- Aggregate [country#20], [country#20, max(qty2#43L) AS qty3#44L][0m
[0m[[0m[31merror[0m] [0m[0m      +- SubqueryAlias T2[0m
[0m[[0m[31merror[0m] [0m[0m         +- Aggregate [country#20, product_cat#15], [country#20, product_cat#15, max(qty#42L) AS qty2#43L][0m
[0m[[0m[31merror[0m] [0m[0m            +- SubqueryAlias T[0m
[0m[[0m[31merror[0m] [0m[0m               +- Aggregate [country#20, product_cat#15], [country#20, product_cat#15, sum(cast(qty#16 as bigint)) AS qty#42L][0m
[0m[[0m[31merror[0m] [0m[0m                  +- SubqueryAlias T[0m
[0m[[0m[31merror[0m] [0m[0m                     +- Project [country#20, Product_Cat#15, qty#16][0m
[0m[[0m[31merror[0m] [0m[0m                        +- SubqueryAlias market_data[0m
[0m[[0m[31merror[0m] [0m[0m                           +- Relation[Order-ID#10,Cust-ID#11,CustName#12,Product_Id#13,Product_Name#14,Product_Cat#15,QTY#16,Price#17,Payment_Type#18,Date-Time#19,Country#20,City#21,Website#22,Confirmed Id#23,Payment Success#24,Failure_Message#25] csv[0m
[0m[[0m[31merror[0m] [0m[0m[0m
[0m[[0m[31merror[0m] [0m[0m	at org.apache.spark.sql.catalyst.analysis.package$AnalysisErrorAt.failAnalysis(package.scala:42)[0m
[0m[[0m[31merror[0m] [0m[0m	at org.apache.spark.sql.catalyst.analysis.CheckAnalysis$$anonfun$checkAnalysis$1$$anonfun$apply$2.applyOrElse(CheckAnalysis.scala:92)[0m
[0m[[0m[31merror[0m] [0m[0m	at org.apache.spark.sql.catalyst.analysis.CheckAnalysis$$anonfun$checkAnalysis$1$$anonfun$apply$2.applyOrElse(CheckAnalysis.scala:89)[0m
[0m[[0m[31merror[0m] [0m[0m	at org.apache.spark.sql.catalyst.trees.TreeNode$$anonfun$transformUp$1.apply(TreeNode.scala:289)[0m
[0m[[0m[31merror[0m] [0m[0m	at org.apache.spark.sql.catalyst.trees.TreeNode$$anonfun$transformUp$1.apply(TreeNode.scala:289)[0m
[0m[[0m[31merror[0m] [0m[0m	at org.apache.spark.sql.catalyst.trees.CurrentOrigin$.withOrigin(TreeNode.scala:70)[0m
[0m[[0m[31merror[0m] [0m[0m	at org.apache.spark.sql.catalyst.trees.TreeNode.transformUp(TreeNode.scala:288)[0m
[0m[[0m[31merror[0m] [0m[0m	at org.apache.spark.sql.catalyst.plans.QueryPlan$$anonfun$transformExpressionsUp$1.apply(QueryPlan.scala:95)[0m
[0m[[0m[31merror[0m] [0m[0m	at org.apache.spark.sql.catalyst.plans.QueryPlan$$anonfun$transformExpressionsUp$1.apply(QueryPlan.scala:95)[0m
[0m[[0m[31merror[0m] [0m[0m	at org.apache.spark.sql.catalyst.plans.QueryPlan$$anonfun$1.apply(QueryPlan.scala:107)[0m
[0m[[0m[31merror[0m] [0m[0m	at org.apache.spark.sql.catalyst.plans.QueryPlan$$anonfun$1.apply(QueryPlan.scala:107)[0m
[0m[[0m[31merror[0m] [0m[0m	at org.apache.spark.sql.catalyst.trees.CurrentOrigin$.withOrigin(TreeNode.scala:70)[0m
[0m[[0m[31merror[0m] [0m[0m	at org.apache.spark.sql.catalyst.plans.QueryPlan.transformExpression$1(QueryPlan.scala:106)[0m
[0m[[0m[31merror[0m] [0m[0m	at org.apache.spark.sql.catalyst.plans.QueryPlan.org$apache$spark$sql$catalyst$plans$QueryPlan$$recursiveTransform$1(QueryPlan.scala:118)[0m
[0m[[0m[31merror[0m] [0m[0m	at org.apache.spark.sql.catalyst.plans.QueryPlan$$anonfun$org$apache$spark$sql$catalyst$plans$QueryPlan$$recursiveTransform$1$1.apply(QueryPlan.scala:122)[0m
[0m[[0m[31merror[0m] [0m[0m	at scala.collection.TraversableLike$$anonfun$map$1.apply(TraversableLike.scala:234)[0m
[0m[[0m[31merror[0m] [0m[0m	at scala.collection.TraversableLike$$anonfun$map$1.apply(TraversableLike.scala:234)[0m
[0m[[0m[31merror[0m] [0m[0m	at scala.collection.immutable.List.foreach(List.scala:392)[0m
[0m[[0m[31merror[0m] [0m[0m	at scala.collection.TraversableLike$class.map(TraversableLike.scala:234)[0m
[0m[[0m[31merror[0m] [0m[0m	at scala.collection.immutable.List.map(List.scala:296)[0m
[0m[[0m[31merror[0m] [0m[0m	at org.apache.spark.sql.catalyst.plans.QueryPlan.org$apache$spark$sql$catalyst$plans$QueryPlan$$recursiveTransform$1(QueryPlan.scala:122)[0m
[0m[[0m[31merror[0m] [0m[0m	at org.apache.spark.sql.catalyst.plans.QueryPlan$$anonfun$2.apply(QueryPlan.scala:127)[0m
[0m[[0m[31merror[0m] [0m[0m	at org.apache.spark.sql.catalyst.trees.TreeNode.mapProductIterator(TreeNode.scala:187)[0m
[0m[[0m[31merror[0m] [0m[0m	at org.apache.spark.sql.catalyst.plans.QueryPlan.mapExpressions(QueryPlan.scala:127)[0m
[0m[[0m[31merror[0m] [0m[0m	at org.apache.spark.sql.catalyst.plans.QueryPlan.transformExpressionsUp(QueryPlan.scala:95)[0m
[0m[[0m[31merror[0m] [0m[0m	at org.apache.spark.sql.catalyst.analysis.CheckAnalysis$$anonfun$checkAnalysis$1.apply(CheckAnalysis.scala:89)[0m
[0m[[0m[31merror[0m] [0m[0m	at org.apache.spark.sql.catalyst.analysis.CheckAnalysis$$anonfun$checkAnalysis$1.apply(CheckAnalysis.scala:84)[0m
[0m[[0m[31merror[0m] [0m[0m	at org.apache.spark.sql.catalyst.trees.TreeNode.foreachUp(TreeNode.scala:127)[0m
[0m[[0m[31merror[0m] [0m[0m	at org.apache.spark.sql.catalyst.analysis.CheckAnalysis$class.checkAnalysis(CheckAnalysis.scala:84)[0m
[0m[[0m[31merror[0m] [0m[0m	at org.apache.spark.sql.catalyst.analysis.Analyzer.checkAnalysis(Analyzer.scala:92)[0m
[0m[[0m[31merror[0m] [0m[0m	at org.apache.spark.sql.catalyst.analysis.Analyzer.executeAndCheck(Analyzer.scala:105)[0m
[0m[[0m[31merror[0m] [0m[0m	at org.apache.spark.sql.execution.QueryExecution.analyzed$lzycompute(QueryExecution.scala:57)[0m
[0m[[0m[31merror[0m] [0m[0m	at org.apache.spark.sql.execution.QueryExecution.analyzed(QueryExecution.scala:55)[0m
[0m[[0m[31merror[0m] [0m[0m	at org.apache.spark.sql.execution.QueryExecution.assertAnalyzed(QueryExecution.scala:47)[0m
[0m[[0m[31merror[0m] [0m[0m	at org.apache.spark.sql.Dataset$.ofRows(Dataset.scala:74)[0m
[0m[[0m[31merror[0m] [0m[0m	at org.apache.spark.sql.SparkSession.sql(SparkSession.scala:642)[0m
[0m[[0m[31merror[0m] [0m[0m	at SparkHelloWorld$.findTopCat(Team1.scala:57)[0m
[0m[[0m[31merror[0m] [0m[0m	at SparkHelloWorld$.main(Team1.scala:29)[0m
[0m[[0m[31merror[0m] [0m[0m	at SparkHelloWorld.main(Team1.scala)[0m
[0m[[0m[31merror[0m] [0m[0m	at sun.reflect.NativeMethodAccessorImpl.invoke0(Native Method)[0m
[0m[[0m[31merror[0m] [0m[0m	at sun.reflect.NativeMethodAccessorImpl.invoke(Unknown Source)[0m
[0m[[0m[31merror[0m] [0m[0m	at sun.reflect.DelegatingMethodAccessorImpl.invoke(Unknown Source)[0m
[0m[[0m[31merror[0m] [0m[0m	at java.lang.reflect.Method.invoke(Unknown Source)[0m
[0m[[0m[31merror[0m] [0m[0m	at sbt.Run.invokeMain(Run.scala:143)[0m
[0m[[0m[31merror[0m] [0m[0m	at sbt.Run.execute$1(Run.scala:93)[0m
[0m[[0m[31merror[0m] [0m[0m	at sbt.Run.$anonfun$runWithLoader$5(Run.scala:120)[0m
[0m[[0m[31merror[0m] [0m[0m	at sbt.Run$.executeSuccess(Run.scala:186)[0m
[0m[[0m[31merror[0m] [0m[0m	at sbt.Run.runWithLoader(Run.scala:120)[0m
[0m[[0m[31merror[0m] [0m[0m	at sbt.Defaults$.$anonfun$bgRunTask$6(Defaults.scala:1983)[0m
[0m[[0m[31merror[0m] [0m[0m	at sbt.Defaults$.$anonfun$termWrapper$2(Defaults.scala:1922)[0m
[0m[[0m[31merror[0m] [0m[0m	at scala.runtime.java8.JFunction0$mcV$sp.apply(JFunction0$mcV$sp.java:23)[0m
[0m[[0m[31merror[0m] [0m[0m	at scala.util.Try$.apply(Try.scala:213)[0m
[0m[[0m[31merror[0m] [0m[0m	at sbt.internal.BackgroundThreadPool$BackgroundRunnable.run(DefaultBackgroundJobService.scala:369)[0m
[0m[[0m[31merror[0m] [0m[0m	at java.util.concurrent.ThreadPoolExecutor.runWorker(Unknown Source)[0m
[0m[[0m[31merror[0m] [0m[0m	at java.util.concurrent.ThreadPoolExecutor$Worker.run(Unknown Source)[0m
[0m[[0m[31merror[0m] [0m[0m	at java.lang.Thread.run(Unknown Source)[0m
[0m[[0m[31merror[0m] [0m[0m(Compile / [31mrun[0m) org.apache.spark.sql.AnalysisException: cannot resolve '`product_cat`' given input columns: [__auto_generated_subquery_name.country, __auto_generated_subquery_name.qty3]; line 1 pos 7;[0m
[0m[[0m[31merror[0m] [0m[0m'Project ['product_cat][0m
[0m[[0m[31merror[0m] [0m[0m+- SubqueryAlias __auto_generated_subquery_name[0m
[0m[[0m[31merror[0m] [0m[0m   +- Aggregate [country#20], [country#20, max(qty2#43L) AS qty3#44L][0m
[0m[[0m[31merror[0m] [0m[0m      +- SubqueryAlias T2[0m
[0m[[0m[31merror[0m] [0m[0m         +- Aggregate [country#20, product_cat#15], [country#20, product_cat#15, max(qty#42L) AS qty2#43L][0m
[0m[[0m[31merror[0m] [0m[0m            +- SubqueryAlias T[0m
[0m[[0m[31merror[0m] [0m[0m               +- Aggregate [country#20, product_cat#15], [country#20, product_cat#15, sum(cast(qty#16 as bigint)) AS qty#42L][0m
[0m[[0m[31merror[0m] [0m[0m                  +- SubqueryAlias T[0m
[0m[[0m[31merror[0m] [0m[0m                     +- Project [country#20, Product_Cat#15, qty#16][0m
[0m[[0m[31merror[0m] [0m[0m                        +- SubqueryAlias market_data[0m
[0m[[0m[31merror[0m] [0m[0m                           +- Relation[Order-ID#10,Cust-ID#11,CustName#12,Product_Id#13,Product_Name#14,Product_Cat#15,QTY#16,Price#17,Payment_Type#18,Date-Time#19,Country#20,City#21,Website#22,Confirmed Id#23,Payment Success#24,Failure_Message#25] csv[0m
[0m[[0m[31merror[0m] [0m[0mTotal time: 7 s, completed May 26, 2022 12:07:52 AM[0m
[0m[[0m[0mdebug[0m] [0m[0m> Exec(shell, None, None)[0m
