[0m[[0m[0mdebug[0m] [0m[0m> Exec(run, Some(4e3e49d8-d9c4-469e-8feb-4bb887b4d885), Some(CommandSource(console0)))[0m
[0m[[0m[0mdebug[0m] [0m[0mEvaluating tasks: Compile / run[0m
[0m[[0m[0mdebug[0m] [0m[0mRunning task... Cancel: Signal, check cycles: false, forcegc: true[0m
[0m[[0m[0minfo[0m] [0m[0mcompiling 1 Scala source to C:\Users\Khoa\Desktop\TEAM1\target\scala-2.11\classes ...[0m
[0m[[0m[31merror[0m] [0m[0morg.apache.spark.sql.catalyst.parser.ParseException: [0m
[0m[[0m[31merror[0m] [0m[0mmismatched input 'market_data' expecting {')', ','}(line 1, pos 50)[0m
[0m[[0m[31merror[0m] [0m[0m[0m
[0m[[0m[31merror[0m] [0m[0m== SQL ==[0m
[0m[[0m[31merror[0m] [0m[0mSELECT Country, Product_Name, from (select * from market_data where (year(date_time)) = 2011) as T  GROUP BY Product_Name, Country[0m
[0m[[0m[31merror[0m] [0m[0m--------------------------------------------------^^^[0m
[0m[[0m[31merror[0m] [0m[0m[0m
[0m[[0m[31merror[0m] [0m[0m	at org.apache.spark.sql.catalyst.parser.ParseException.withCommand(ParseDriver.scala:239)[0m
[0m[[0m[31merror[0m] [0m[0m	at org.apache.spark.sql.catalyst.parser.AbstractSqlParser.parse(ParseDriver.scala:115)[0m
[0m[[0m[31merror[0m] [0m[0m	at org.apache.spark.sql.execution.SparkSqlParser.parse(SparkSqlParser.scala:48)[0m
[0m[[0m[31merror[0m] [0m[0m	at org.apache.spark.sql.catalyst.parser.AbstractSqlParser.parsePlan(ParseDriver.scala:69)[0m
[0m[[0m[31merror[0m] [0m[0m	at org.apache.spark.sql.SparkSession.sql(SparkSession.scala:642)[0m
[0m[[0m[31merror[0m] [0m[0m	at Team1$.prod_year$1(Team1.scala:64)[0m
[0m[[0m[31merror[0m] [0m[0m	at Team1$.main(Team1.scala:117)[0m
[0m[[0m[31merror[0m] [0m[0m	at Team1.main(Team1.scala)[0m
[0m[[0m[31merror[0m] [0m[0m	at sun.reflect.NativeMethodAccessorImpl.invoke0(Native Method)[0m
[0m[[0m[31merror[0m] [0m[0m	at sun.reflect.NativeMethodAccessorImpl.invoke(Unknown Source)[0m
[0m[[0m[31merror[0m] [0m[0m	at sun.reflect.DelegatingMethodAccessorImpl.invoke(Unknown Source)[0m
[0m[[0m[31merror[0m] [0m[0m	at java.lang.reflect.Method.invoke(Unknown Source)[0m
[0m[[0m[31merror[0m] [0m[0m	at sbt.Run.invokeMain(Run.scala:143)[0m
[0m[[0m[31merror[0m] [0m[0m	at sbt.Run.execute$1(Run.scala:93)[0m
[0m[[0m[31merror[0m] [0m[0m	at sbt.Run.$anonfun$runWithLoader$5(Run.scala:120)[0m
[0m[[0m[31merror[0m] [0m[0m	at sbt.Run$.executeSuccess(Run.scala:186)[0m
[0m[[0m[31merror[0m] [0m[0m	at sbt.Run.runWithLoader(Run.scala:120)[0m
[0m[[0m[31merror[0m] [0m[0m	at sbt.Defaults$.$anonfun$bgRunTask$6(Defaults.scala:1983)[0m
[0m[[0m[31merror[0m] [0m[0m	at sbt.Defaults$.$anonfun$termWrapper$2(Defaults.scala:1922)[0m
[0m[[0m[31merror[0m] [0m[0m	at scala.runtime.java8.JFunction0$mcV$sp.apply(JFunction0$mcV$sp.java:23)[0m
[0m[[0m[31merror[0m] [0m[0m	at scala.util.Try$.apply(Try.scala:213)[0m
[0m[[0m[31merror[0m] [0m[0m	at sbt.internal.BackgroundThreadPool$BackgroundRunnable.run(DefaultBackgroundJobService.scala:369)[0m
[0m[[0m[31merror[0m] [0m[0m	at java.util.concurrent.ThreadPoolExecutor.runWorker(Unknown Source)[0m
[0m[[0m[31merror[0m] [0m[0m	at java.util.concurrent.ThreadPoolExecutor$Worker.run(Unknown Source)[0m
[0m[[0m[31merror[0m] [0m[0m	at java.lang.Thread.run(Unknown Source)[0m
[0m[[0m[31merror[0m] [0m[0m(Compile / [31mrun[0m) org.apache.spark.sql.catalyst.parser.ParseException: [0m
[0m[[0m[31merror[0m] [0m[0mmismatched input 'market_data' expecting {')', ','}(line 1, pos 50)[0m
[0m[[0m[31merror[0m] [0m[0m[0m
[0m[[0m[31merror[0m] [0m[0m== SQL ==[0m
[0m[[0m[31merror[0m] [0m[0mSELECT Country, Product_Name, from (select * from market_data where (year(date_time)) = 2011) as T  GROUP BY Product_Name, Country[0m
[0m[[0m[31merror[0m] [0m[0m--------------------------------------------------^^^[0m
[0m[[0m[31merror[0m] [0m[0mTotal time: 7 s, completed Jun 1, 2022 4:44:00 PM[0m
[0m[[0m[0mdebug[0m] [0m[0m> Exec(shell, None, None)[0m
